# JRE version: OpenJDK Runtime Environment Temurin-21.0.7+6 (21.0.7+6) (build 21.0.7+6-LTS)
# Java VM: OpenJDK 64-Bit Server VM Temurin-21.0.7+6 (21.0.7+6-LTS, mixed mode, sharing, tiered, compressed oops, compressed class ptrs, g1 gc, bsd-aarch64)
Heap:
 garbage-first heap   total 512000K, used 262488K [0x0000000300800000, 0x0000000380800000)
  region size 1024K, 8 young (8192K), 0 survivors (0K)
 Metaspace       used 173900K, committed 175936K, reserved 1048576K
  class space    used 17422K, committed 18304K, reserved 851968K
GC Heap History (20 events):
Event: 14.399 GC heap before
{Heap before GC invocations=89 (full 0):
 garbage-first heap   total 512000K, used 471398K [0x0000000300800000, 0x0000000380800000)
  region size 1024K, 223 young (228352K), 14 survivors (14336K)
 Metaspace       used 169763K, committed 171712K, reserved 1048576K
  class space    used 16764K, committed 17600K, reserved 851968K
}
Event: 14.402 GC heap after
{Heap after GC invocations=90 (full 0):
 garbage-first heap   total 512000K, used 252596K [0x0000000300800000, 0x0000000380800000)
  region size 1024K, 9 young (9216K), 9 survivors (9216K)
 Metaspace       used 169763K, committed 171712K, reserved 1048576K
  class space    used 16764K, committed 17600K, reserved 851968K
}
Event: 14.569 GC heap before
{Heap before GC invocations=90 (full 0):
 garbage-first heap   total 512000K, used 476852K [0x0000000300800000, 0x0000000380800000)
  region size 1024K, 228 young (233472K), 9 survivors (9216K)
 Metaspace       used 169809K, committed 171776K, reserved 1048576K
  class space    used 16766K, committed 17600K, reserved 851968K
}
Event: 14.572 GC heap after
{Heap after GC invocations=91 (full 0):
 garbage-first heap   total 512000K, used 255200K [0x0000000300800000, 0x0000000380800000)
  region size 1024K, 13 young (13312K), 13 survivors (13312K)
 Metaspace       used 169809K, committed 171776K, reserved 1048576K
  class space    used 16766K, committed 17600K, reserved 851968K
}
Event: 14.676 GC heap before
{Heap before GC invocations=91 (full 0):
 garbage-first heap   total 512000K, used 472288K [0x0000000300800000, 0x0000000380800000)
  region size 1024K, 225 young (230400K), 13 survivors (13312K)
 Metaspace       used 170034K, committed 171968K, reserved 1048576K
  class space    used 16782K, committed 17600K, reserved 851968K
}
Event: 14.679 GC heap after
{Heap after GC invocations=92 (full 0):
 garbage-first heap   total 512000K, used 256798K [0x0000000300800000, 0x0000000380800000)
  region size 1024K, 14 young (14336K), 14 survivors (14336K)
 Metaspace       used 170034K, committed 171968K, reserved 1048576K
  class space    used 16782K, committed 17600K, reserved 851968K
}
Event: 16.354 GC heap before
{Heap before GC invocations=93 (full 0):
 garbage-first heap   total 512000K, used 477982K [0x0000000300800000, 0x0000000380800000)
  region size 1024K, 224 young (229376K), 14 survivors (14336K)
 Metaspace       used 172293K, committed 174272K, reserved 1048576K
  class space    used 17190K, committed 18048K, reserved 851968K
}
Event: 16.357 GC heap after
{Heap after GC invocations=94 (full 0):
 garbage-first heap   total 512000K, used 265319K [0x0000000300800000, 0x0000000380800000)
  region size 1024K, 23 young (23552K), 23 survivors (23552K)
 Metaspace       used 172293K, committed 174272K, reserved 1048576K
  class space    used 17190K, committed 18048K, reserved 851968K
}
Event: 43.792 GC heap before
{Heap before GC invocations=94 (full 0):
 garbage-first heap   total 512000K, used 321639K [0x0000000300800000, 0x0000000380800000)
  region size 1024K, 79 young (80896K), 23 survivors (23552K)
 Metaspace       used 172644K, committed 174592K, reserved 1048576K
  class space    used 17218K, committed 18112K, reserved 851968K
}
Event: 43.856 GC heap after
{Heap after GC invocations=95 (full 1):
 garbage-first heap   total 512000K, used 250707K [0x0000000300800000, 0x0000000380800000)
  region size 1024K, 0 young (0K), 0 survivors (0K)
 Metaspace       used 172644K, committed 174592K, reserved 1048576K
  class space    used 17218K, committed 18112K, reserved 851968K
}
Event: 44.086 GC heap before
{Heap before GC invocations=95 (full 1):
 garbage-first heap   total 512000K, used 482131K [0x0000000300800000, 0x0000000380800000)
  region size 1024K, 226 young (231424K), 0 survivors (0K)
 Metaspace       used 172883K, committed 174912K, reserved 1048576K
  class space    used 17263K, committed 18112K, reserved 851968K
}
Event: 44.089 GC heap after
{Heap after GC invocations=96 (full 1):
 garbage-first heap   total 512000K, used 257875K [0x0000000300800000, 0x0000000380800000)
  region size 1024K, 7 young (7168K), 7 survivors (7168K)
 Metaspace       used 172883K, committed 174912K, reserved 1048576K
  class space    used 17263K, committed 18112K, reserved 851968K
}
Event: 44.229 GC heap before
{Heap before GC invocations=96 (full 1):
 garbage-first heap   total 512000K, used 474963K [0x0000000300800000, 0x0000000380800000)
  region size 1024K, 219 young (224256K), 7 survivors (7168K)
 Metaspace       used 172894K, committed 174912K, reserved 1048576K
  class space    used 17263K, committed 18112K, reserved 851968K
}
Event: 44.231 GC heap after
{Heap after GC invocations=97 (full 1):
 garbage-first heap   total 512000K, used 260947K [0x0000000300800000, 0x0000000380800000)
  region size 1024K, 10 young (10240K), 10 survivors (10240K)
 Metaspace       used 172894K, committed 174912K, reserved 1048576K
  class space    used 17263K, committed 18112K, reserved 851968K
}
Event: 45.034 GC heap before
{Heap before GC invocations=98 (full 1):
 garbage-first heap   total 512000K, used 471891K [0x0000000300800000, 0x0000000380800000)
  region size 1024K, 216 young (221184K), 10 survivors (10240K)
 Metaspace       used 172941K, committed 174976K, reserved 1048576K
  class space    used 17263K, committed 18112K, reserved 851968K
}
Event: 45.036 GC heap after
{Heap after GC invocations=99 (full 1):
 garbage-first heap   total 512000K, used 261347K [0x0000000300800000, 0x0000000380800000)
  region size 1024K, 11 young (11264K), 11 survivors (11264K)
 Metaspace       used 172941K, committed 174976K, reserved 1048576K
  class space    used 17263K, committed 18112K, reserved 851968K
}
Event: 45.832 GC heap before
{Heap before GC invocations=99 (full 1):
 garbage-first heap   total 512000K, used 483555K [0x0000000300800000, 0x0000000380800000)
  region size 1024K, 215 young (220160K), 11 survivors (11264K)
 Metaspace       used 173855K, committed 175872K, reserved 1048576K
  class space    used 17420K, committed 18304K, reserved 851968K
}
Event: 45.837 GC heap after
{Heap after GC invocations=100 (full 1):
 garbage-first heap   total 512000K, used 271150K [0x0000000300800000, 0x0000000380800000)
  region size 1024K, 21 young (21504K), 21 survivors (21504K)
 Metaspace       used 173855K, committed 175872K, reserved 1048576K
  class space    used 17420K, committed 18304K, reserved 851968K
}
Event: 50.752 GC heap before
{Heap before GC invocations=100 (full 1):
 garbage-first heap   total 512000K, used 294702K [0x0000000300800000, 0x0000000380800000)
  region size 1024K, 45 young (46080K), 21 survivors (21504K)
 Metaspace       used 173860K, committed 175872K, reserved 1048576K
  class space    used 17420K, committed 18304K, reserved 851968K
}
Event: 50.827 GC heap after
{Heap after GC invocations=101 (full 2):
 garbage-first heap   total 512000K, used 255320K [0x0000000300800000, 0x0000000380800000)
  region size 1024K, 0 young (0K), 0 survivors (0K)
 Metaspace       used 173860K, committed 175872K, reserved 1048576K
  class space    used 17420K, committed 18304K, reserved 851968K
}

